<?xml version="1.0" encoding="UTF-8"?>
<testsuite xmlns:xsi="http://www.w3.org/2001/XMLSchema-instance" xsi:noNamespaceSchemaLocation="https://maven.apache.org/surefire/maven-surefire-plugin/xsd/surefire-test-report-3.0.xsd" version="3.0" name="TestSuite" time="184.247" tests="10" errors="0" skipped="0" failures="4">
  <properties>
[...]
</properties>
  <testcase name="runScenario[&quot;BigSmall Newsletter section validation&quot;, &quot;Optional[BigSmall Site AutoMate]&quot;](1)" classname="cucumberOptions.Testrunner" time="8.416">
    <failure message="expected [Newsletter] but found [404: Page Not Found | Mailchimp]" type="java.lang.AssertionError"><![CDATA[java.lang.AssertionError: expected [Newsletter] but found [404: Page Not Found | Mailchimp]
]]></failure>
    <system-err><![CDATA[Starting ChromeDriver 96.0.4664.35 (8df3babf8da8faa8aacb78f4848ef66a93b4944b-refs/branch-heads/4664@{#680}) on port 2202
Only local connections are allowed.
Please see https://chromedriver.chromium.org/security-considerations for suggestions on keeping ChromeDriver safe.
ChromeDriver was started successfully.
Nov 19, 2021 11:51:30 PM org.openqa.selenium.remote.ProtocolHandshake createSession
INFO: Detected dialect: W3C
]]></system-err>
  </testcase>
  <testcase name="runScenario[&quot;BigSmall Giftcard page Validation&quot;, &quot;Optional[BigSmall Site AutoMate]&quot;](2)" classname="cucumberOptions.Testrunner" time="10.349">
    <system-err><![CDATA[Starting ChromeDriver 96.0.4664.35 (8df3babf8da8faa8aacb78f4848ef66a93b4944b-refs/branch-heads/4664@{#680}) on port 17823
Only local connections are allowed.
Please see https://chromedriver.chromium.org/security-considerations for suggestions on keeping ChromeDriver safe.
ChromeDriver was started successfully.
Nov 19, 2021 11:51:42 PM org.openqa.selenium.remote.ProtocolHandshake createSession
INFO: Detected dialect: W3C
]]></system-err>
  </testcase>
  <testcase name="runScenario[&quot;BigSmall All product tab Validation&quot;, &quot;Optional[BigSmall Site AutoMate]&quot;](3)" classname="cucumberOptions.Testrunner" time="11.213">
    <system-err><![CDATA[Starting ChromeDriver 96.0.4664.35 (8df3babf8da8faa8aacb78f4848ef66a93b4944b-refs/branch-heads/4664@{#680}) on port 25575
Only local connections are allowed.
Please see https://chromedriver.chromium.org/security-considerations for suggestions on keeping ChromeDriver safe.
ChromeDriver was started successfully.
Nov 19, 2021 11:51:56 PM org.openqa.selenium.remote.ProtocolHandshake createSession
INFO: Detected dialect: W3C
]]></system-err>
  </testcase>
  <testcase name="runScenario[&quot;BigSmall Cart checkout page Validation&quot;, &quot;Optional[BigSmall Site AutoMate]&quot;](4)" classname="cucumberOptions.Testrunner" time="16.784">
    <system-err><![CDATA[Starting ChromeDriver 96.0.4664.35 (8df3babf8da8faa8aacb78f4848ef66a93b4944b-refs/branch-heads/4664@{#680}) on port 43073
Only local connections are allowed.
Please see https://chromedriver.chromium.org/security-considerations for suggestions on keeping ChromeDriver safe.
ChromeDriver was started successfully.
Nov 19, 2021 11:52:11 PM org.openqa.selenium.remote.ProtocolHandshake createSession
INFO: Detected dialect: W3C
]]></system-err>
  </testcase>
  <testcase name="runScenario[&quot;BigSmall contact page Validation&quot;, &quot;Optional[BigSmall Site AutoMate]&quot;](5)" classname="cucumberOptions.Testrunner" time="22.638">
    <failure message="no such element: Unable to locate element: {&quot;method&quot;:&quot;xpath&quot;,&quot;selector&quot;:&quot;	//p[@class=&apos;note note--success&apos;]&quot;}&#10;  (Session info: chrome=96.0.4664.45)&#10;For documentation on this error, please visit: https://www.seleniumhq.org/exceptions/no_such_element.html&#10;Build info: version: &apos;3.141.59&apos;, revision: &apos;e82be7d358&apos;, time: &apos;2018-11-14T08:17:03&apos;&#10;System info: host: &apos;MT-31196458H&apos;, ip: &apos;192.168.1.18&apos;, os.name: &apos;Windows 10&apos;, os.arch: &apos;amd64&apos;, os.version: &apos;10.0&apos;, java.version: &apos;1.8.0_202&apos;&#10;Driver info: org.openqa.selenium.chrome.ChromeDriver&#10;Capabilities {acceptInsecureCerts: false, browserName: chrome, browserVersion: 96.0.4664.45, chrome: {chromedriverVersion: 96.0.4664.35 (8df3babf8da8f..., userDataDir: C:\Users\M1073121\AppData\L...}, goog:chromeOptions: {debuggerAddress: localhost:55425}, javascriptEnabled: true, networkConnectionEnabled: false, pageLoadStrategy: normal, platform: WINDOWS, platformName: WINDOWS, proxy: Proxy(), setWindowRect: true, strictFileInteractability: false, timeouts: {implicit: 0, pageLoad: 300000, script: 30000}, unhandledPromptBehavior: dismiss and notify, webauthn:extension:credBlob: true, webauthn:extension:largeBlob: true, webauthn:virtualAuthenticators: true}&#10;Session ID: 69b8234e3bb23add1a4c441a9119ae1e&#10;*** Element info: {Using=xpath, value=	//p[@class=&apos;note note--success&apos;]}" type="org.openqa.selenium.NoSuchElementException"><![CDATA[org.openqa.selenium.NoSuchElementException: 
no such element: Unable to locate element: {"method":"xpath","selector":"	//p[@class='note note--success']"}
  (Session info: chrome=96.0.4664.45)
For documentation on this error, please visit: https://www.seleniumhq.org/exceptions/no_such_element.html
Build info: version: '3.141.59', revision: 'e82be7d358', time: '2018-11-14T08:17:03'
System info: host: 'MT-31196458H', ip: '192.168.1.18', os.name: 'Windows 10', os.arch: 'amd64', os.version: '10.0', java.version: '1.8.0_202'
Driver info: org.openqa.selenium.chrome.ChromeDriver
Capabilities {acceptInsecureCerts: false, browserName: chrome, browserVersion: 96.0.4664.45, chrome: {chromedriverVersion: 96.0.4664.35 (8df3babf8da8f..., userDataDir: C:\Users\M1073121\AppData\L...}, goog:chromeOptions: {debuggerAddress: localhost:55425}, javascriptEnabled: true, networkConnectionEnabled: false, pageLoadStrategy: normal, platform: WINDOWS, platformName: WINDOWS, proxy: Proxy(), setWindowRect: true, strictFileInteractability: false, timeouts: {implicit: 0, pageLoad: 300000, script: 30000}, unhandledPromptBehavior: dismiss and notify, webauthn:extension:credBlob: true, webauthn:extension:largeBlob: true, webauthn:virtualAuthenticators: true}
Session ID: 69b8234e3bb23add1a4c441a9119ae1e
*** Element info: {Using=xpath, value=	//p[@class='note note--success']}
]]></failure>
    <system-err><![CDATA[Starting ChromeDriver 96.0.4664.35 (8df3babf8da8faa8aacb78f4848ef66a93b4944b-refs/branch-heads/4664@{#680}) on port 16644
Only local connections are allowed.
Please see https://chromedriver.chromium.org/security-considerations for suggestions on keeping ChromeDriver safe.
ChromeDriver was started successfully.
Nov 19, 2021 11:52:28 PM org.openqa.selenium.remote.ProtocolHandshake createSession
INFO: Detected dialect: W3C
]]></system-err>
  </testcase>
  <testcase name="runScenario[&quot;HomePage Validation&quot;, &quot;Optional[BigSmall Site AutoMate]&quot;](6)" classname="cucumberOptions.Testrunner" time="5.362">
    <system-err><![CDATA[Starting ChromeDriver 96.0.4664.35 (8df3babf8da8faa8aacb78f4848ef66a93b4944b-refs/branch-heads/4664@{#680}) on port 43563
Only local connections are allowed.
Please see https://chromedriver.chromium.org/security-considerations for suggestions on keeping ChromeDriver safe.
ChromeDriver was started successfully.
Nov 19, 2021 11:52:55 PM org.openqa.selenium.remote.ProtocolHandshake createSession
INFO: Detected dialect: W3C
]]></system-err>
  </testcase>
  <testcase name="runScenario[&quot;BigSmall Hover Action Validation&quot;, &quot;Optional[BigSmall Site AutoMate]&quot;](7)" classname="cucumberOptions.Testrunner" time="18.489">
    <failure message="element not interactable&#10;  (Session info: chrome=96.0.4664.45)&#10;Build info: version: &apos;3.141.59&apos;, revision: &apos;e82be7d358&apos;, time: &apos;2018-11-14T08:17:03&apos;&#10;System info: host: &apos;MT-31196458H&apos;, ip: &apos;192.168.1.18&apos;, os.name: &apos;Windows 10&apos;, os.arch: &apos;amd64&apos;, os.version: &apos;10.0&apos;, java.version: &apos;1.8.0_202&apos;&#10;Driver info: org.openqa.selenium.chrome.ChromeDriver&#10;Capabilities {acceptInsecureCerts: false, browserName: chrome, browserVersion: 96.0.4664.45, chrome: {chromedriverVersion: 96.0.4664.35 (8df3babf8da8f..., userDataDir: C:\Users\M1073121\AppData\L...}, goog:chromeOptions: {debuggerAddress: localhost:55867}, javascriptEnabled: true, networkConnectionEnabled: false, pageLoadStrategy: normal, platform: WINDOWS, platformName: WINDOWS, proxy: Proxy(), setWindowRect: true, strictFileInteractability: false, timeouts: {implicit: 0, pageLoad: 300000, script: 30000}, unhandledPromptBehavior: dismiss and notify, webauthn:extension:credBlob: true, webauthn:extension:largeBlob: true, webauthn:virtualAuthenticators: true}&#10;Session ID: 712058d1668799b151df606d2be8f8ae" type="org.openqa.selenium.ElementNotInteractableException"><![CDATA[org.openqa.selenium.ElementNotInteractableException: 
element not interactable
  (Session info: chrome=96.0.4664.45)
Build info: version: '3.141.59', revision: 'e82be7d358', time: '2018-11-14T08:17:03'
System info: host: 'MT-31196458H', ip: '192.168.1.18', os.name: 'Windows 10', os.arch: 'amd64', os.version: '10.0', java.version: '1.8.0_202'
Driver info: org.openqa.selenium.chrome.ChromeDriver
Capabilities {acceptInsecureCerts: false, browserName: chrome, browserVersion: 96.0.4664.45, chrome: {chromedriverVersion: 96.0.4664.35 (8df3babf8da8f..., userDataDir: C:\Users\M1073121\AppData\L...}, goog:chromeOptions: {debuggerAddress: localhost:55867}, javascriptEnabled: true, networkConnectionEnabled: false, pageLoadStrategy: normal, platform: WINDOWS, platformName: WINDOWS, proxy: Proxy(), setWindowRect: true, strictFileInteractability: false, timeouts: {implicit: 0, pageLoad: 300000, script: 30000}, unhandledPromptBehavior: dismiss and notify, webauthn:extension:credBlob: true, webauthn:extension:largeBlob: true, webauthn:virtualAuthenticators: true}
Session ID: 712058d1668799b151df606d2be8f8ae
]]></failure>
    <system-err><![CDATA[Starting ChromeDriver 96.0.4664.35 (8df3babf8da8faa8aacb78f4848ef66a93b4944b-refs/branch-heads/4664@{#680}) on port 34237
Only local connections are allowed.
Please see https://chromedriver.chromium.org/security-considerations for suggestions on keeping ChromeDriver safe.
ChromeDriver was started successfully.
Nov 19, 2021 11:53:05 PM org.openqa.selenium.remote.ProtocolHandshake createSession
INFO: Detected dialect: W3C
]]></system-err>
  </testcase>
  <testcase name="runScenario[&quot;BigSmall Loginpage Validation&quot;, &quot;Optional[BigSmall Site AutoMate]&quot;](8)" classname="cucumberOptions.Testrunner" time="25.793">
    <failure message="no such element: Unable to locate element: {&quot;method&quot;:&quot;xpath&quot;,&quot;selector&quot;:&quot;//a[@id=&apos;customer_logout_link&apos;]&quot;}&#10;  (Session info: chrome=96.0.4664.45)&#10;For documentation on this error, please visit: https://www.seleniumhq.org/exceptions/no_such_element.html&#10;Build info: version: &apos;3.141.59&apos;, revision: &apos;e82be7d358&apos;, time: &apos;2018-11-14T08:17:03&apos;&#10;System info: host: &apos;MT-31196458H&apos;, ip: &apos;192.168.1.18&apos;, os.name: &apos;Windows 10&apos;, os.arch: &apos;amd64&apos;, os.version: &apos;10.0&apos;, java.version: &apos;1.8.0_202&apos;&#10;Driver info: org.openqa.selenium.chrome.ChromeDriver&#10;Capabilities {acceptInsecureCerts: false, browserName: chrome, browserVersion: 96.0.4664.45, chrome: {chromedriverVersion: 96.0.4664.35 (8df3babf8da8f..., userDataDir: C:\Users\M1073121\AppData\L...}, goog:chromeOptions: {debuggerAddress: localhost:56065}, javascriptEnabled: true, networkConnectionEnabled: false, pageLoadStrategy: normal, platform: WINDOWS, platformName: WINDOWS, proxy: Proxy(), setWindowRect: true, strictFileInteractability: false, timeouts: {implicit: 0, pageLoad: 300000, script: 30000}, unhandledPromptBehavior: dismiss and notify, webauthn:extension:credBlob: true, webauthn:extension:largeBlob: true, webauthn:virtualAuthenticators: true}&#10;Session ID: 8c546966c850c283f50c2b09f36b3141&#10;*** Element info: {Using=xpath, value=//a[@id=&apos;customer_logout_link&apos;]}" type="org.openqa.selenium.NoSuchElementException"><![CDATA[org.openqa.selenium.NoSuchElementException: 
no such element: Unable to locate element: {"method":"xpath","selector":"//a[@id='customer_logout_link']"}
  (Session info: chrome=96.0.4664.45)
For documentation on this error, please visit: https://www.seleniumhq.org/exceptions/no_such_element.html
Build info: version: '3.141.59', revision: 'e82be7d358', time: '2018-11-14T08:17:03'
System info: host: 'MT-31196458H', ip: '192.168.1.18', os.name: 'Windows 10', os.arch: 'amd64', os.version: '10.0', java.version: '1.8.0_202'
Driver info: org.openqa.selenium.chrome.ChromeDriver
Capabilities {acceptInsecureCerts: false, browserName: chrome, browserVersion: 96.0.4664.45, chrome: {chromedriverVersion: 96.0.4664.35 (8df3babf8da8f..., userDataDir: C:\Users\M1073121\AppData\L...}, goog:chromeOptions: {debuggerAddress: localhost:56065}, javascriptEnabled: true, networkConnectionEnabled: false, pageLoadStrategy: normal, platform: WINDOWS, platformName: WINDOWS, proxy: Proxy(), setWindowRect: true, strictFileInteractability: false, timeouts: {implicit: 0, pageLoad: 300000, script: 30000}, unhandledPromptBehavior: dismiss and notify, webauthn:extension:credBlob: true, webauthn:extension:largeBlob: true, webauthn:virtualAuthenticators: true}
Session ID: 8c546966c850c283f50c2b09f36b3141
*** Element info: {Using=xpath, value=//a[@id='customer_logout_link']}
]]></failure>
    <system-err><![CDATA[Starting ChromeDriver 96.0.4664.35 (8df3babf8da8faa8aacb78f4848ef66a93b4944b-refs/branch-heads/4664@{#680}) on port 41807
Only local connections are allowed.
Please see https://chromedriver.chromium.org/security-considerations for suggestions on keeping ChromeDriver safe.
ChromeDriver was started successfully.
Nov 19, 2021 11:53:28 PM org.openqa.selenium.remote.ProtocolHandshake createSession
INFO: Detected dialect: W3C
]]></system-err>
  </testcase>
  <testcase name="runScenario[&quot;BigSmall search tab Validation&quot;, &quot;Optional[BigSmall Site AutoMate]&quot;](9)" classname="cucumberOptions.Testrunner" time="9.024">
    <system-err><![CDATA[Starting ChromeDriver 96.0.4664.35 (8df3babf8da8faa8aacb78f4848ef66a93b4944b-refs/branch-heads/4664@{#680}) on port 8065
Only local connections are allowed.
Please see https://chromedriver.chromium.org/security-considerations for suggestions on keeping ChromeDriver safe.
ChromeDriver was started successfully.
Nov 19, 2021 11:53:58 PM org.openqa.selenium.remote.ProtocolHandshake createSession
INFO: Detected dialect: W3C
]]></system-err>
  </testcase>
  <testcase name="runScenario[&quot;BigSmall wishlist page Validation&quot;, &quot;Optional[BigSmall Site AutoMate]&quot;](10)" classname="cucumberOptions.Testrunner" time="15.888">
    <system-err><![CDATA[Starting ChromeDriver 96.0.4664.35 (8df3babf8da8faa8aacb78f4848ef66a93b4944b-refs/branch-heads/4664@{#680}) on port 46813
Only local connections are allowed.
Please see https://chromedriver.chromium.org/security-considerations for suggestions on keeping ChromeDriver safe.
ChromeDriver was started successfully.
Nov 19, 2021 11:54:11 PM org.openqa.selenium.remote.ProtocolHandshake createSession
INFO: Detected dialect: W3C
]]></system-err>
  </testcase>
</testsuite>